Mar-12 12:45:29.540 [main] DEBUG nextflow.cli.Launcher - $> nextflow run modules/local/biophi-oasis/biophi/main.nf -with-docker 'docker.io/biophi/biophi-oasis:latest'
Mar-12 12:45:29.616 [main] DEBUG nextflow.cli.CmdRun - N E X T F L O W  ~  version 25.10.4
Mar-12 12:45:29.635 [main] DEBUG nextflow.plugin.PluginsFacade - Setting up plugin manager > mode=prod; embedded=false; plugins-dir=/home/ubuntu/.nextflow/plugins; core-plugins: nf-amazon@3.4.4,nf-azure@1.20.2,nf-cloudcache@0.5.0,nf-codecommit@0.5.0,nf-console@1.3.0,nf-google@1.23.5,nf-k8s@1.2.2,nf-tower@1.17.5,nf-wave@1.16.1
Mar-12 12:45:29.656 [main] INFO  o.pf4j.DefaultPluginStatusProvider - Enabled plugins: []
Mar-12 12:45:29.657 [main] INFO  o.pf4j.DefaultPluginStatusProvider - Disabled plugins: []
Mar-12 12:45:29.660 [main] INFO  org.pf4j.DefaultPluginManager - PF4J version 3.12.0 in 'deployment' mode
Mar-12 12:45:29.673 [main] DEBUG nextflow.util.RetryConfig - Missing nextflow session - using default retry config
Mar-12 12:45:29.804 [main] INFO  org.pf4j.AbstractPluginManager - No plugins
Mar-12 12:45:29.834 [main] DEBUG nextflow.config.ConfigBuilder - Found config local: /home/ubuntu/oliver/nf-core-antibody-pipeline/nextflow.config
Mar-12 12:45:29.837 [main] DEBUG nextflow.config.ConfigBuilder - Parsing config file: /home/ubuntu/oliver/nf-core-antibody-pipeline/nextflow.config
Mar-12 12:45:29.863 [main] DEBUG nextflow.config.ConfigBuilder - Applying config profile: `standard`
Mar-12 12:45:31.330 [main] DEBUG nextflow.config.ConfigBuilder - Enabling execution in Docker container as requested by command-line option `-with-docker docker.io/biophi/biophi-oasis:latest`
Mar-12 12:45:31.352 [main] DEBUG nextflow.plugin.PluginsFacade - Plugins declared=[nf-schema@2.5.1]
Mar-12 12:45:31.353 [main] DEBUG nextflow.plugin.PluginsFacade - Plugins default=[]
Mar-12 12:45:31.353 [main] DEBUG nextflow.plugin.PluginsFacade - Plugins resolved requirement=[nf-schema@2.5.1]
Mar-12 12:45:31.676 [main] DEBUG n.plugin.HttpPluginRepository - Registry request: https://registry.nextflow.io/api/v1/plugins/dependencies?plugins=nf-schema%402.5.1&nextflowVersion=25.10.4
- code: 200
- body: {"plugins":[{"id":"nf-schema","releases":[{"version":"2.5.1","url":"https://registry.nextflow.io/api/v1/plugins/nf-schema/2.5.1/download/nf-schema-2.5.1.zip","date":"2025-09-02T14:48:39.714892Z","sha512sum":"82c9c17a9f77319386e670e7b52cf79b067320001f083ccdfec77dada9fd53499506200fd10b493cf8f6fc0420f42e2314481c353ca14b3a92f354bf07ad5c13","requires":">=25.04.0","dependsOn":[],"status":"PUBLISHED"}],"projectUrl":"https://github.com/nextflow-io/nf-schema","provider":"nextflow-io"}]}
Mar-12 12:45:31.715 [main] DEBUG nextflow.plugin.PluginUpdater - Installing plugin nf-schema version: 2.5.1
Mar-12 12:45:31.724 [main] INFO  org.pf4j.AbstractPluginManager - Plugin 'nf-schema@2.5.1' resolved
Mar-12 12:45:31.724 [main] INFO  org.pf4j.AbstractPluginManager - Start plugin 'nf-schema@2.5.1'
Mar-12 12:45:31.731 [main] DEBUG nextflow.plugin.BasePlugin - Plugin started nf-schema@2.5.1
Mar-12 12:45:31.736 [main] DEBUG n.secret.LocalSecretsProvider - Secrets store: /home/ubuntu/.nextflow/secrets/store.json
Mar-12 12:45:31.739 [main] DEBUG nextflow.secret.SecretsLoader - Discovered secrets providers: [nextflow.secret.LocalSecretsProvider@5d194314] - activable => nextflow.secret.LocalSecretsProvider@5d194314
Mar-12 12:45:31.745 [main] DEBUG nextflow.cli.CmdRun - Applied DSL=2 by global default
Mar-12 12:45:31.757 [main] DEBUG nextflow.cli.CmdRun - Launching `modules/local/biophi-oasis/biophi/main.nf` [compassionate_faraday] DSL2 - revision: fa48fafcfc
Mar-12 12:45:31.820 [main] DEBUG nextflow.Session - Session UUID: df0e85b5-fe20-489c-8608-fc08f63464a3
Mar-12 12:45:31.821 [main] DEBUG nextflow.Session - Run name: compassionate_faraday
Mar-12 12:45:31.821 [main] DEBUG nextflow.Session - Executor pool size: 8
Mar-12 12:45:31.828 [main] DEBUG nextflow.file.FilePorter - File porter settings maxRetries=3; maxTransfers=50; pollTimeout=null
Mar-12 12:45:31.833 [main] DEBUG nextflow.util.ThreadPoolBuilder - Creating thread pool 'FileTransfer' minSize=10; maxSize=24; workQueue=LinkedBlockingQueue[-1]; allowCoreThreadTimeout=false
Mar-12 12:45:31.851 [main] DEBUG nextflow.cli.CmdRun - 
  Version: 25.10.4 build 11173
  Created: 10-02-2026 15:17 UTC 
  System: Linux 6.14.0-1018-aws
  Runtime: Groovy 4.0.28 on OpenJDK 64-Bit Server VM 17.0.18+8-Ubuntu-124.04.1
  Encoding: UTF-8 (UTF-8)
  Process: 113950@ip-172-31-40-188 [172.31.40.188]
  CPUs: 8 - Mem: 31.3 GB (1.1 GB) - Swap: 0 (0)
Mar-12 12:45:31.867 [main] DEBUG nextflow.Session - Work-dir: /home/ubuntu/oliver/nf-core-antibody-pipeline/work [ext2/ext3]
Mar-12 12:45:31.867 [main] DEBUG nextflow.Session - Script base path does not exist or is not a directory: /home/ubuntu/oliver/nf-core-antibody-pipeline/modules/local/biophi-oasis/biophi/bin
Mar-12 12:45:31.874 [main] DEBUG nextflow.executor.ExecutorFactory - Extension executors providers=[]
Mar-12 12:45:31.883 [main] DEBUG nextflow.Session - Observer factory (v2): LinObserverFactory
Mar-12 12:45:31.885 [main] DEBUG nextflow.Session - Observer factory (v2): DefaultObserverFactory
Mar-12 12:45:31.902 [main] DEBUG nextflow.Session - Observer factory (v2): ValidationObserverFactory
Mar-12 12:45:31.938 [main] DEBUG nextflow.cache.CacheFactory - Using Nextflow cache factory: nextflow.cache.DefaultCacheFactory
Mar-12 12:45:31.946 [main] DEBUG nextflow.util.CustomThreadPool - Creating default thread pool > poolSize: 9; maxThreads: 1000
Mar-12 12:45:32.008 [main] DEBUG nextflow.Session - Session start
Mar-12 12:45:32.014 [main] DEBUG nextflow.trace.TraceFileObserver - Workflow started -- trace file: null/pipeline_info/execution_trace_2026-03-12_12-45-30.txt
Mar-12 12:45:32.178 [main] DEBUG nextflow.script.ScriptRunner - > Launching execution
Mar-12 12:45:32.317 [main] DEBUG n.script.dsl.ProcessConfigBuilder - Config settings `withLabel:process_low` matches labels `process_low` for process with name BIOPHI_SAPIENS
Mar-12 12:45:32.323 [main] DEBUG nextflow.executor.ExecutorFactory - << taskConfig executor: null
Mar-12 12:45:32.324 [main] DEBUG nextflow.executor.ExecutorFactory - >> processorType: 'local'
Mar-12 12:45:32.334 [main] DEBUG nextflow.executor.Executor - [warm up] executor > local
Mar-12 12:45:32.340 [main] DEBUG n.processor.LocalPollingMonitor - Creating local task monitor for executor 'local' > cpus=8; memory=31.3 GB; capacity=8; pollInterval=100ms; dumpInterval=5m
Mar-12 12:45:32.342 [main] DEBUG n.processor.TaskPollingMonitor - >>> barrier register (monitor: local)
Mar-12 12:45:32.381 [main] DEBUG nextflow.processor.TaskProcessor - Creating process 'BIOPHI_SAPIENS': maxForks=0; fair=false; array=0
Mar-12 12:45:32.429 [main] DEBUG nextflow.Session - Config process names validation disabled as requested
Mar-12 12:45:32.431 [main] DEBUG nextflow.Session - Igniting dataflow network (2)
Mar-12 12:45:32.432 [main] DEBUG nextflow.processor.TaskProcessor - Starting process > BIOPHI_SAPIENS
Mar-12 12:45:32.433 [main] DEBUG nextflow.script.ScriptRunner - Parsed script files:
  Script_fad2723687ef7f29: /home/ubuntu/oliver/nf-core-antibody-pipeline/modules/local/biophi-oasis/biophi/main.nf
Mar-12 12:45:32.433 [main] DEBUG nextflow.script.ScriptRunner - > Awaiting termination 
Mar-12 12:45:32.433 [main] DEBUG nextflow.Session - Session await
Mar-12 12:45:32.580 [Task submitter] DEBUG n.executor.local.LocalTaskHandler - Launch cmd line: /bin/bash -ue .command.run
Mar-12 12:45:32.582 [Task submitter] INFO  nextflow.Session - [94/5b23ff] Submitted process > BIOPHI_SAPIENS (value1)
Mar-12 12:45:41.780 [Task monitor] DEBUG n.processor.TaskPollingMonitor - Task completed > TaskHandler[id: 1; name: BIOPHI_SAPIENS (value1); status: COMPLETED; exit: 0; error: -; workDir: /home/ubuntu/oliver/nf-core-antibody-pipeline/work/94/5b23ff403ffd383d077897582ee151]
Mar-12 12:45:41.781 [Task monitor] DEBUG nextflow.util.ThreadPoolBuilder - Creating thread pool 'TaskFinalizer' minSize=10; maxSize=24; workQueue=LinkedBlockingQueue[-1]; allowCoreThreadTimeout=false
Mar-12 12:45:41.806 [TaskFinalizer-1] WARN  nextflow.processor.PublishDir - Process `BIOPHI_SAPIENS` publishDir path contains a variable with a null value
Mar-12 12:45:41.811 [TaskFinalizer-1] DEBUG nextflow.util.ThreadPoolBuilder - Creating thread pool 'PublishDir' minSize=10; maxSize=24; workQueue=LinkedBlockingQueue[-1]; allowCoreThreadTimeout=false
Mar-12 12:45:41.817 [main] DEBUG nextflow.Session - Session await > all processes finished
Mar-12 12:45:41.878 [Task monitor] DEBUG n.processor.TaskPollingMonitor - <<< barrier arrives (monitor: local) - terminating tasks monitor poll loop
Mar-12 12:45:41.878 [main] DEBUG nextflow.Session - Session await > all barriers passed
Mar-12 12:45:41.880 [main] DEBUG nextflow.util.ThreadPoolManager - Thread pool 'TaskFinalizer' shutdown completed (hard=false)
Mar-12 12:45:41.881 [main] DEBUG nextflow.util.ThreadPoolManager - Thread pool 'PublishDir' shutdown completed (hard=false)
Mar-12 12:45:41.888 [main] DEBUG n.trace.WorkflowStatsObserver - Workflow completed > WorkflowStats[succeededCount=1; failedCount=0; ignoredCount=0; cachedCount=0; pendingCount=0; submittedCount=0; runningCount=0; retriesCount=0; abortedCount=0; succeedDuration=17.3s; failedDuration=0ms; cachedDuration=0ms;loadCpus=0; loadMemory=0; peakRunning=1; peakCpus=2; peakMemory=12 GB; ]
Mar-12 12:45:42.063 [main] DEBUG nextflow.trace.ReportObserver - Workflow completed -- rendering execution report
Mar-12 12:45:42.519 [main] DEBUG nextflow.trace.TimelineObserver - Workflow completed -- rendering execution timeline
Mar-12 12:45:42.562 [main] DEBUG nextflow.trace.TraceFileObserver - Workflow completed -- saving trace file
Mar-12 12:45:42.568 [main] DEBUG nextflow.cache.CacheDB - Closing CacheDB done
Mar-12 12:45:42.575 [main] INFO  org.pf4j.AbstractPluginManager - Stop plugin 'nf-schema@2.5.1'
Mar-12 12:45:42.576 [main] DEBUG nextflow.plugin.BasePlugin - Plugin stopped nf-schema
Mar-12 12:45:42.577 [main] DEBUG nextflow.util.ThreadPoolManager - Thread pool 'FileTransfer' shutdown completed (hard=false)
Mar-12 12:45:42.577 [main] DEBUG nextflow.script.ScriptRunner - > Execution complete -- Goodbye
